D:\TIMAKY\CARLOS2013-14\CARLOSAR_VW\COM.CARLOS.ARCHITECTURE\RELEASE\UTILITIES.OBJ
D:\TIMAKY\CARLOS2013-14\CARLOSAR_VW\COM.CARLOS.ARCHITECTURE\RELEASE\CLASS.DBSERVICE.OBJ
D:\TIMAKY\CARLOS2013-14\CARLOSAR_VW\COM.CARLOS.ARCHITECTURE\RELEASE\TINYXML2.OBJ
D:\TIMAKY\CARLOS2013-14\CARLOSAR_VW\COM.CARLOS.ARCHITECTURE\RELEASE\CLASS.CONFIGURATION.OBJ
D:\TIMAKY\CARLOS2013-14\CARLOSAR_VW\COM.CARLOS.ARCHITECTURE\RELEASE\VC110.PDB
D:\TIMAKY\CARLOS2013-14\CARLOSAR_VW\COM.CARLOS.ARCHITECTURE\RELEASE\SQLITE3.OBJ
D:\TIMAKY\CARLOS2013-14\CARLOSAR_VW\RELEASE\COM.CARLOS.ARCHITECTURE.LIB
D:\Timaky\Carlos2013-14\CarlosAR_VW\com.carlos.architecture\Release\class.Configuration.obj
D:\Timaky\Carlos2013-14\CarlosAR_VW\com.carlos.architecture\Release\class.DBService.obj
D:\Timaky\Carlos2013-14\CarlosAR_VW\com.carlos.architecture\Release\sqlite3.obj
D:\Timaky\Carlos2013-14\CarlosAR_VW\com.carlos.architecture\Release\tinyxml2.obj
D:\Timaky\Carlos2013-14\CarlosAR_VW\com.carlos.architecture\Release\utilities.obj
D:\Timaky\Carlos2013-14\CarlosAR_VW\com.carlos.architecture\Release\cl.command.1.tlog
D:\Timaky\Carlos2013-14\CarlosAR_VW\com.carlos.architecture\Release\CL.read.1.tlog
D:\Timaky\Carlos2013-14\CarlosAR_VW\com.carlos.architecture\Release\CL.write.1.tlog
D:\Timaky\Carlos2013-14\CarlosAR_VW\com.carlos.architecture\Release\Lib-link.read.1.tlog
D:\Timaky\Carlos2013-14\CarlosAR_VW\com.carlos.architecture\Release\Lib-link.write.1.tlog
D:\Timaky\Carlos2013-14\CarlosAR_VW\com.carlos.architecture\Release\lib.command.1.tlog
D:\Timaky\Carlos2013-14\CarlosAR_VW\com.carlos.architecture\Release\vc110.pdb
D:\Timaky\Carlos2013-14\CarlosAR_VW\Release\com.carlos.architecture.lib
