D:\TIMAKY\CARLOS2013-14\CARLOSAR_VW\COM.CARLOS.SPRACOVANIEREALITY\DEBUG\DLLMAIN.OBJ
D:\TIMAKY\CARLOS2013-14\CARLOSAR_VW\COM.CARLOS.SPRACOVANIEREALITY\DEBUG\VC110.PDB
D:\Timaky\Carlos2013-14\CarlosAR_VW\Debug\com.carlos.spracovanieReality.lib
D:\Timaky\Carlos2013-14\CarlosAR_VW\Debug\com.carlos.spracovanieReality.exp
D:\Timaky\Carlos2013-14\CarlosAR_VW\com.carlos.spracovanieReality\Debug\DllMain.obj
D:\Timaky\Carlos2013-14\CarlosAR_VW\com.carlos.spracovanieReality\Debug\cl.command.1.tlog
D:\Timaky\Carlos2013-14\CarlosAR_VW\com.carlos.spracovanieReality\Debug\CL.read.1.tlog
D:\Timaky\Carlos2013-14\CarlosAR_VW\com.carlos.spracovanieReality\Debug\CL.write.1.tlog
D:\Timaky\Carlos2013-14\CarlosAR_VW\com.carlos.spracovanieReality\Debug\com.carlos.spracovanieReality.write.1.tlog
D:\Timaky\Carlos2013-14\CarlosAR_VW\com.carlos.spracovanieReality\Debug\link-cvtres.read.1.tlog
D:\Timaky\Carlos2013-14\CarlosAR_VW\com.carlos.spracovanieReality\Debug\link-cvtres.write.1.tlog
D:\Timaky\Carlos2013-14\CarlosAR_VW\com.carlos.spracovanieReality\Debug\link-rc.read.1.tlog
D:\Timaky\Carlos2013-14\CarlosAR_VW\com.carlos.spracovanieReality\Debug\link-rc.write.1.tlog
D:\Timaky\Carlos2013-14\CarlosAR_VW\com.carlos.spracovanieReality\Debug\link.6168-cvtres.read.1.tlog
D:\Timaky\Carlos2013-14\CarlosAR_VW\com.carlos.spracovanieReality\Debug\link.6168-cvtres.write.1.tlog
D:\Timaky\Carlos2013-14\CarlosAR_VW\com.carlos.spracovanieReality\Debug\link.6168-rc.read.1.tlog
D:\Timaky\Carlos2013-14\CarlosAR_VW\com.carlos.spracovanieReality\Debug\link.6168-rc.write.1.tlog
D:\Timaky\Carlos2013-14\CarlosAR_VW\com.carlos.spracovanieReality\Debug\link.6168.read.1.tlog
D:\Timaky\Carlos2013-14\CarlosAR_VW\com.carlos.spracovanieReality\Debug\link.6168.write.1.tlog
D:\Timaky\Carlos2013-14\CarlosAR_VW\com.carlos.spracovanieReality\Debug\link.command.1.tlog
D:\Timaky\Carlos2013-14\CarlosAR_VW\com.carlos.spracovanieReality\Debug\link.read.1.tlog
D:\Timaky\Carlos2013-14\CarlosAR_VW\com.carlos.spracovanieReality\Debug\link.write.1.tlog
D:\Timaky\Carlos2013-14\CarlosAR_VW\com.carlos.spracovanieReality\Debug\vc110.idb
D:\Timaky\Carlos2013-14\CarlosAR_VW\com.carlos.spracovanieReality\Debug\vc110.pdb
D:\Timaky\Carlos2013-14\CarlosAR_VW\Debug\com.carlos.spracovanieReality.pdb
