C:\USERS\SEKY\DOCUMENTS\VISUAL STUDIO 2012\PROJECTS\GIT\CARLOSAR_VW\COM.CARLOS.ARCHITECTURE\DEBUG\CLASS.CONFIGURATION.OBJ
C:\USERS\SEKY\DOCUMENTS\VISUAL STUDIO 2012\PROJECTS\GIT\CARLOSAR_VW\COM.CARLOS.ARCHITECTURE\DEBUG\TINYXML2.OBJ
C:\USERS\SEKY\DOCUMENTS\VISUAL STUDIO 2012\PROJECTS\GIT\CARLOSAR_VW\COM.CARLOS.ARCHITECTURE\DEBUG\CLASS.DBSERVICE.OBJ
C:\USERS\SEKY\DOCUMENTS\VISUAL STUDIO 2012\PROJECTS\GIT\CARLOSAR_VW\COM.CARLOS.ARCHITECTURE\DEBUG\UTILITIES.OBJ
C:\USERS\SEKY\DOCUMENTS\VISUAL STUDIO 2012\PROJECTS\GIT\CARLOSAR_VW\COM.CARLOS.ARCHITECTURE\DEBUG\VC110.PDB
C:\USERS\SEKY\DOCUMENTS\VISUAL STUDIO 2012\PROJECTS\GIT\CARLOSAR_VW\COM.CARLOS.ARCHITECTURE\DEBUG\SQLITE3.OBJ
C:\USERS\SEKY\DOCUMENTS\VISUAL STUDIO 2012\PROJECTS\GIT\CARLOSAR_VW\DEBUG\COM.CARLOS.ARCHITECTURE.LIB
C:\Users\Seky\Documents\Visual Studio 2012\Projects\git\CarlosAR_VW\com.carlos.architecture\Debug\class.Configuration.obj
C:\Users\Seky\Documents\Visual Studio 2012\Projects\git\CarlosAR_VW\com.carlos.architecture\Debug\class.DBService.obj
C:\Users\Seky\Documents\Visual Studio 2012\Projects\git\CarlosAR_VW\com.carlos.architecture\Debug\sqlite3.obj
C:\Users\Seky\Documents\Visual Studio 2012\Projects\git\CarlosAR_VW\com.carlos.architecture\Debug\tinyxml2.obj
C:\Users\Seky\Documents\Visual Studio 2012\Projects\git\CarlosAR_VW\com.carlos.architecture\Debug\utilities.obj
C:\Users\Seky\Documents\Visual Studio 2012\Projects\git\CarlosAR_VW\com.carlos.architecture\Debug\cl.command.1.tlog
C:\Users\Seky\Documents\Visual Studio 2012\Projects\git\CarlosAR_VW\com.carlos.architecture\Debug\CL.read.1.tlog
C:\Users\Seky\Documents\Visual Studio 2012\Projects\git\CarlosAR_VW\com.carlos.architecture\Debug\CL.write.1.tlog
C:\Users\Seky\Documents\Visual Studio 2012\Projects\git\CarlosAR_VW\com.carlos.architecture\Debug\Lib-link.read.1.tlog
C:\Users\Seky\Documents\Visual Studio 2012\Projects\git\CarlosAR_VW\com.carlos.architecture\Debug\Lib-link.write.1.tlog
C:\Users\Seky\Documents\Visual Studio 2012\Projects\git\CarlosAR_VW\com.carlos.architecture\Debug\lib.command.1.tlog
C:\Users\Seky\Documents\Visual Studio 2012\Projects\git\CarlosAR_VW\com.carlos.architecture\Debug\vc110.idb
C:\Users\Seky\Documents\Visual Studio 2012\Projects\git\CarlosAR_VW\com.carlos.architecture\Debug\vc110.pdb
C:\Users\Seky\Documents\Visual Studio 2012\Projects\git\CarlosAR_VW\Debug\com.carlos.architecture.lib
