C:\USERS\DOKONALY\DOCUMENTS\VISUAL STUDIO 2012\PROJECTS\GIT\CARLOSAR_VW\COM.CARLOS.HRA\DEBUG\PREPNISTAV.OBJ
C:\USERS\DOKONALY\DOCUMENTS\VISUAL STUDIO 2012\PROJECTS\GIT\CARLOSAR_VW\COM.CARLOS.HRA\DEBUG\DLLMAIN.OBJ
C:\USERS\DOKONALY\DOCUMENTS\VISUAL STUDIO 2012\PROJECTS\GIT\CARLOSAR_VW\COM.CARLOS.HRA\DEBUG\CLASS.DLLMODULVYKRESLOVANIA.OBJ
C:\USERS\DOKONALY\DOCUMENTS\VISUAL STUDIO 2012\PROJECTS\GIT\CARLOSAR_VW\COM.CARLOS.HRA\DEBUG\AABB.OBJ
C:\USERS\DOKONALY\DOCUMENTS\VISUAL STUDIO 2012\PROJECTS\GIT\CARLOSAR_VW\COM.CARLOS.HRA\DEBUG\CLASS.SCENE.OBJ
C:\USERS\DOKONALY\DOCUMENTS\VISUAL STUDIO 2012\PROJECTS\GIT\CARLOSAR_VW\COM.CARLOS.HRA\DEBUG\OBJMODEL.OBJ
C:\USERS\DOKONALY\DOCUMENTS\VISUAL STUDIO 2012\PROJECTS\GIT\CARLOSAR_VW\COM.CARLOS.HRA\DEBUG\SHADERS.OBJ
C:\USERS\DOKONALY\DOCUMENTS\VISUAL STUDIO 2012\PROJECTS\GIT\CARLOSAR_VW\COM.CARLOS.HRA\DEBUG\TEXTURE.OBJ
C:\USERS\DOKONALY\DOCUMENTS\VISUAL STUDIO 2012\PROJECTS\GIT\CARLOSAR_VW\COM.CARLOS.HRA\DEBUG\VERTEXBUFFEROBJECT.OBJ
C:\USERS\DOKONALY\DOCUMENTS\VISUAL STUDIO 2012\PROJECTS\GIT\CARLOSAR_VW\COM.CARLOS.HRA\DEBUG\STAVY.OBJ
C:\USERS\DOKONALY\DOCUMENTS\VISUAL STUDIO 2012\PROJECTS\GIT\CARLOSAR_VW\COM.CARLOS.HRA\DEBUG\VC110.PDB
C:\Users\Dokonaly\Documents\Visual Studio 2012\Projects\Git\CarlosAR_VW\Debug\com.carlos.hra.lib
C:\Users\Dokonaly\Documents\Visual Studio 2012\Projects\Git\CarlosAR_VW\Debug\com.carlos.hra.exp
C:\USERS\DOKONALY\DOCUMENTS\VISUAL STUDIO 2012\PROJECTS\GIT\CARLOSAR_VW\DEBUG\COM.CARLOS.HRA.ILK
C:\USERS\DOKONALY\DOCUMENTS\VISUAL STUDIO 2012\PROJECTS\GIT\CARLOSAR_VW\DEBUG\COM.CARLOS.HRA.DLL
C:\USERS\DOKONALY\DOCUMENTS\VISUAL STUDIO 2012\PROJECTS\GIT\CARLOSAR_VW\DEBUG\COM.CARLOS.HRA.PDB
C:\Users\Dokonaly\Documents\Visual Studio 2012\Projects\Git\CarlosAR_VW\com.carlos.hra\Debug\AABB.obj
C:\Users\Dokonaly\Documents\Visual Studio 2012\Projects\Git\CarlosAR_VW\com.carlos.hra\Debug\class.DllModulVykreslovania.obj
C:\Users\Dokonaly\Documents\Visual Studio 2012\Projects\Git\CarlosAR_VW\com.carlos.hra\Debug\class.Scene.obj
C:\Users\Dokonaly\Documents\Visual Studio 2012\Projects\Git\CarlosAR_VW\com.carlos.hra\Debug\DllMain.obj
C:\Users\Dokonaly\Documents\Visual Studio 2012\Projects\Git\CarlosAR_VW\com.carlos.hra\Debug\objModel.obj
C:\Users\Dokonaly\Documents\Visual Studio 2012\Projects\Git\CarlosAR_VW\com.carlos.hra\Debug\prepniStav.obj
C:\Users\Dokonaly\Documents\Visual Studio 2012\Projects\Git\CarlosAR_VW\com.carlos.hra\Debug\shaders.obj
C:\Users\Dokonaly\Documents\Visual Studio 2012\Projects\Git\CarlosAR_VW\com.carlos.hra\Debug\stavy.obj
C:\Users\Dokonaly\Documents\Visual Studio 2012\Projects\Git\CarlosAR_VW\com.carlos.hra\Debug\texture.obj
C:\Users\Dokonaly\Documents\Visual Studio 2012\Projects\Git\CarlosAR_VW\com.carlos.hra\Debug\vertexBufferObject.obj
C:\Users\Dokonaly\Documents\Visual Studio 2012\Projects\Git\CarlosAR_VW\com.carlos.hra\Debug\cl.command.1.tlog
C:\Users\Dokonaly\Documents\Visual Studio 2012\Projects\Git\CarlosAR_VW\com.carlos.hra\Debug\CL.read.1.tlog
C:\Users\Dokonaly\Documents\Visual Studio 2012\Projects\Git\CarlosAR_VW\com.carlos.hra\Debug\CL.write.1.tlog
C:\Users\Dokonaly\Documents\Visual Studio 2012\Projects\Git\CarlosAR_VW\com.carlos.hra\Debug\com.carlos.hra.write.1.tlog
C:\Users\Dokonaly\Documents\Visual Studio 2012\Projects\Git\CarlosAR_VW\com.carlos.hra\Debug\link-cvtres.read.1.tlog
C:\Users\Dokonaly\Documents\Visual Studio 2012\Projects\Git\CarlosAR_VW\com.carlos.hra\Debug\link-cvtres.write.1.tlog
C:\Users\Dokonaly\Documents\Visual Studio 2012\Projects\Git\CarlosAR_VW\com.carlos.hra\Debug\link-rc.read.1.tlog
C:\Users\Dokonaly\Documents\Visual Studio 2012\Projects\Git\CarlosAR_VW\com.carlos.hra\Debug\link-rc.write.1.tlog
C:\Users\Dokonaly\Documents\Visual Studio 2012\Projects\Git\CarlosAR_VW\com.carlos.hra\Debug\link.command.1.tlog
C:\Users\Dokonaly\Documents\Visual Studio 2012\Projects\Git\CarlosAR_VW\com.carlos.hra\Debug\link.read.1.tlog
C:\Users\Dokonaly\Documents\Visual Studio 2012\Projects\Git\CarlosAR_VW\com.carlos.hra\Debug\link.write.1.tlog
C:\Users\Dokonaly\Documents\Visual Studio 2012\Projects\Git\CarlosAR_VW\com.carlos.hra\Debug\vc110.idb
C:\Users\Dokonaly\Documents\Visual Studio 2012\Projects\Git\CarlosAR_VW\com.carlos.hra\Debug\vc110.pdb
C:\Users\Dokonaly\Documents\Visual Studio 2012\Projects\Git\CarlosAR_VW\Debug\com.carlos.hra.pdb
C:\Users\Dokonaly\Documents\Visual Studio 2012\Projects\Git\CarlosAR_VW\Debug\com.carlos.hra.dll
C:\Users\Dokonaly\Documents\Visual Studio 2012\Projects\Git\CarlosAR_VW\Debug\com.carlos.hra.ilk
