Build started 3/3/2014 3:23:44 PM.
     1>Project "C:\Users\Seky\Documents\Visual Studio 2012\Projects\git\CarlosAR_VW\com.carlos.hra\modulHra.vcxproj" on node 2 (Build target(s)).
     1>ClCompile:
         C:\Program Files (x86)\Microsoft Visual Studio 11.0\VC\bin\CL.exe /c /Zi /nologo /W2 /WX- /sdl- /Od /Oy- /GL /D WIN32 /D NDEBUG /D _WINDOWS /D _WINDLL /Gm /EHsc /RTC1 /MDd /GS /fp:precise /Zc:wchar_t /Zc:forScope /Fo"Debug\\" /Fd"Debug\vc110.pdb" /Gd /TP /analyze- /errorReport:prompt Hra\Entity\class.Plain.cpp
         class.Plain.cpp
       Link:
         C:\Program Files (x86)\Microsoft Visual Studio 11.0\VC\bin\link.exe /ERRORREPORT:PROMPT /OUT:"C:\Users\Seky\Documents\Visual Studio 2012\Projects\git\CarlosAR_VW\Debug\com.carlos.hra.dll" /INCREMENTAL:NO /NOLOGO opencv_calib3d246d.lib opencv_contrib246d.lib opencv_core246d.lib opencv_features2d246d.lib opencv_flann246d.lib opencv_gpu246d.lib opencv_haartraining_engined.lib opencv_highgui246d.lib opencv_imgproc246d.lib opencv_legacy246d.lib opencv_ml246d.lib opencv_nonfree246d.lib opencv_objdetect246d.lib opencv_ocl246d.lib opencv_photo246d.lib opencv_stitching246d.lib opencv_superres246d.lib opencv_ts246d.lib opencv_video246d.lib opencv_videostab246d.lib kernel32.lib user32.lib gdi32.lib winspool.lib comdlg32.lib advapi32.lib shell32.lib ole32.lib oleaut32.lib uuid.lib odbc32.lib odbccp32.lib /MANIFEST /MANIFESTUAC:"level='asInvoker' uiAccess='false'" /manifest:embed /DEBUG /PDB:"C:\Users\Seky\Documents\Visual Studio 2012\Projects\git\CarlosAR_VW\Debug\com.carlos.hra.pdb" /SUBSYSTEM:CONSOLE /LTCG /TLBID:1 /DYNAMICBASE /NXCOMPAT /IMPLIB:"C:\Users\Seky\Documents\Visual Studio 2012\Projects\git\CarlosAR_VW\Debug\com.carlos.hra.lib" /MACHINE:X86 /DLL Debug\class.Plain.obj
         Debug\class.FrameData.obj
         Debug\class.ResourceManager.obj
         Debug\class.VisualController.obj
         Debug\prepniStav.obj
         Debug\DllMain.obj
         Debug\class.DllModulVykreslovania.obj
         Debug\AABB.obj
         Debug\class.Scene.obj
         Debug\objModel.obj
         Debug\shaders.obj
         Debug\texture.obj
         Debug\vertexBufferObject.obj
         Debug\stavy.obj
            Creating library C:\Users\Seky\Documents\Visual Studio 2012\Projects\git\CarlosAR_VW\Debug\com.carlos.hra.lib and object C:\Users\Seky\Documents\Visual Studio 2012\Projects\git\CarlosAR_VW\Debug\com.carlos.hra.exp
         Generating code
         Finished generating code
         modulHra.vcxproj -> C:\Users\Seky\Documents\Visual Studio 2012\Projects\git\CarlosAR_VW\Debug\com.carlos.hra.dll
     1>Done Building Project "C:\Users\Seky\Documents\Visual Studio 2012\Projects\git\CarlosAR_VW\com.carlos.hra\modulHra.vcxproj" (Build target(s)).

Build succeeded.

Time Elapsed 00:00:06.71
