D:\TIMAKY\CARLOS2013-14\CARLOSAR_VW\COM.CARLOS.TCP\RELEASE\SOCKETLISTENER.OBJ
D:\TIMAKY\CARLOS2013-14\CARLOSAR_VW\COM.CARLOS.TCP\RELEASE\SERVERSOCKET.OBJ
D:\TIMAKY\CARLOS2013-14\CARLOSAR_VW\COM.CARLOS.TCP\RELEASE\DLLMAIN.OBJ
D:\TIMAKY\CARLOS2013-14\CARLOSAR_VW\COM.CARLOS.TCP\RELEASE\VC110.PDB
D:\Timaky\Carlos2013-14\CarlosAR_VW\Release\com.carlos.android.tcpServer.lib
D:\Timaky\Carlos2013-14\CarlosAR_VW\Release\com.carlos.android.tcpServer.exp
D:\TIMAKY\CARLOS2013-14\CARLOSAR_VW\RELEASE\COM.CARLOS.ANDROID.TCPSERVER.DLL
D:\TIMAKY\CARLOS2013-14\CARLOSAR_VW\RELEASE\COM.CARLOS.ANDROID.TCPSERVER.PDB
D:\Timaky\Carlos2013-14\CarlosAR_VW\com.carlos.tcp\Release\DllMain.obj
D:\Timaky\Carlos2013-14\CarlosAR_VW\com.carlos.tcp\Release\ServerSocket.obj
D:\Timaky\Carlos2013-14\CarlosAR_VW\com.carlos.tcp\Release\SocketListener.obj
D:\Timaky\Carlos2013-14\CarlosAR_VW\com.carlos.tcp\Release\cl.command.1.tlog
D:\Timaky\Carlos2013-14\CarlosAR_VW\com.carlos.tcp\Release\CL.read.1.tlog
D:\Timaky\Carlos2013-14\CarlosAR_VW\com.carlos.tcp\Release\CL.write.1.tlog
D:\Timaky\Carlos2013-14\CarlosAR_VW\com.carlos.tcp\Release\com.carlos.android.tcpServer.write.1.tlog
D:\Timaky\Carlos2013-14\CarlosAR_VW\com.carlos.tcp\Release\link-cvtres.read.1.tlog
D:\Timaky\Carlos2013-14\CarlosAR_VW\com.carlos.tcp\Release\link-cvtres.write.1.tlog
D:\Timaky\Carlos2013-14\CarlosAR_VW\com.carlos.tcp\Release\link-rc.read.1.tlog
D:\Timaky\Carlos2013-14\CarlosAR_VW\com.carlos.tcp\Release\link-rc.write.1.tlog
D:\Timaky\Carlos2013-14\CarlosAR_VW\com.carlos.tcp\Release\link.command.1.tlog
D:\Timaky\Carlos2013-14\CarlosAR_VW\com.carlos.tcp\Release\link.read.1.tlog
D:\Timaky\Carlos2013-14\CarlosAR_VW\com.carlos.tcp\Release\link.write.1.tlog
D:\Timaky\Carlos2013-14\CarlosAR_VW\com.carlos.tcp\Release\vc110.pdb
D:\Timaky\Carlos2013-14\CarlosAR_VW\Release\com.carlos.android.tcpServer.pdb
D:\Timaky\Carlos2013-14\CarlosAR_VW\Release\com.carlos.android.tcpServer.dll
