C:\USERS\SEKY\DOCUMENTS\VISUAL STUDIO 2012\PROJECTS\CARLOS\COM.CARLOS.DLL\DEBUG\DLLMAIN.OBJ
C:\USERS\SEKY\DOCUMENTS\VISUAL STUDIO 2012\PROJECTS\CARLOS\COM.CARLOS.DLL\DEBUG\VC110.PDB
C:\Users\Seky\Documents\Visual Studio 2012\Projects\Carlos\Debug\com.carlos.dll.lib
C:\Users\Seky\Documents\Visual Studio 2012\Projects\Carlos\Debug\com.carlos.dll.exp
C:\USERS\SEKY\DOCUMENTS\VISUAL STUDIO 2012\PROJECTS\CARLOS\DEBUG\COM.CARLOS.DLL.ILK
C:\USERS\SEKY\DOCUMENTS\VISUAL STUDIO 2012\PROJECTS\CARLOS\DEBUG\COM.CARLOS.DLL.DLL
C:\USERS\SEKY\DOCUMENTS\VISUAL STUDIO 2012\PROJECTS\CARLOS\DEBUG\COM.CARLOS.DLL.PDB
C:\Users\Seky\Documents\Visual Studio 2012\Projects\Carlos\com.carlos.dll\Debug\DllMain.obj
C:\Users\Seky\Documents\Visual Studio 2012\Projects\Carlos\com.carlos.dll\Debug\cl.command.1.tlog
C:\Users\Seky\Documents\Visual Studio 2012\Projects\Carlos\com.carlos.dll\Debug\CL.read.1.tlog
C:\Users\Seky\Documents\Visual Studio 2012\Projects\Carlos\com.carlos.dll\Debug\CL.write.1.tlog
C:\Users\Seky\Documents\Visual Studio 2012\Projects\Carlos\com.carlos.dll\Debug\com.carlos.dll.write.1.tlog
C:\Users\Seky\Documents\Visual Studio 2012\Projects\Carlos\com.carlos.dll\Debug\link-cvtres.read.1.tlog
C:\Users\Seky\Documents\Visual Studio 2012\Projects\Carlos\com.carlos.dll\Debug\link-cvtres.write.1.tlog
C:\Users\Seky\Documents\Visual Studio 2012\Projects\Carlos\com.carlos.dll\Debug\link-rc.read.1.tlog
C:\Users\Seky\Documents\Visual Studio 2012\Projects\Carlos\com.carlos.dll\Debug\link-rc.write.1.tlog
C:\Users\Seky\Documents\Visual Studio 2012\Projects\Carlos\com.carlos.dll\Debug\link.command.1.tlog
C:\Users\Seky\Documents\Visual Studio 2012\Projects\Carlos\com.carlos.dll\Debug\link.read.1.tlog
C:\Users\Seky\Documents\Visual Studio 2012\Projects\Carlos\com.carlos.dll\Debug\link.write.1.tlog
C:\Users\Seky\Documents\Visual Studio 2012\Projects\Carlos\com.carlos.dll\Debug\vc110.idb
C:\Users\Seky\Documents\Visual Studio 2012\Projects\Carlos\com.carlos.dll\Debug\vc110.pdb
C:\Users\Seky\Documents\Visual Studio 2012\Projects\Carlos\Debug\com.carlos.dll.pdb
C:\Users\Seky\Documents\Visual Studio 2012\Projects\Carlos\Debug\com.carlos.dll.dll
C:\Users\Seky\Documents\Visual Studio 2012\Projects\Carlos\Debug\com.carlos.dll.ilk
