C:\USERS\MARTIN\DESKTOP\CARLOSAR_VW\CV\DEBUG\MAIN.OBJ
C:\USERS\MARTIN\DESKTOP\CARLOSAR_VW\CV\DEBUG\VC110.PDB
C:\USERS\MARTIN\DESKTOP\CARLOSAR_VW\DEBUG\CV.ILK
C:\USERS\MARTIN\DESKTOP\CARLOSAR_VW\DEBUG\CV.EXE
C:\USERS\MARTIN\DESKTOP\CARLOSAR_VW\DEBUG\CV.PDB
C:\Users\Martin\Desktop\CarlosAR_VW\CV\Debug\main.obj
C:\Users\Martin\Desktop\CarlosAR_VW\CV\Debug\cl.command.1.tlog
C:\Users\Martin\Desktop\CarlosAR_VW\CV\Debug\CL.read.1.tlog
C:\Users\Martin\Desktop\CarlosAR_VW\CV\Debug\CL.write.1.tlog
C:\Users\Martin\Desktop\CarlosAR_VW\CV\Debug\link-cvtres.read.1.tlog
C:\Users\Martin\Desktop\CarlosAR_VW\CV\Debug\link-cvtres.write.1.tlog
C:\Users\Martin\Desktop\CarlosAR_VW\CV\Debug\link-rc.read.1.tlog
C:\Users\Martin\Desktop\CarlosAR_VW\CV\Debug\link-rc.write.1.tlog
C:\Users\Martin\Desktop\CarlosAR_VW\CV\Debug\link.19868-cvtres.read.1.tlog
C:\Users\Martin\Desktop\CarlosAR_VW\CV\Debug\link.19868-cvtres.write.1.tlog
C:\Users\Martin\Desktop\CarlosAR_VW\CV\Debug\link.19868-rc.read.1.tlog
C:\Users\Martin\Desktop\CarlosAR_VW\CV\Debug\link.19868-rc.write.1.tlog
C:\Users\Martin\Desktop\CarlosAR_VW\CV\Debug\link.19868.read.1.tlog
C:\Users\Martin\Desktop\CarlosAR_VW\CV\Debug\link.19868.write.1.tlog
C:\Users\Martin\Desktop\CarlosAR_VW\CV\Debug\link.command.1.tlog
C:\Users\Martin\Desktop\CarlosAR_VW\CV\Debug\link.read.1.tlog
C:\Users\Martin\Desktop\CarlosAR_VW\CV\Debug\link.write.1.tlog
C:\Users\Martin\Desktop\CarlosAR_VW\CV\Debug\vc110.idb
C:\Users\Martin\Desktop\CarlosAR_VW\CV\Debug\vc110.pdb
C:\Users\Martin\Desktop\CarlosAR_VW\Debug\CV.pdb
C:\Users\Martin\Desktop\CarlosAR_VW\Debug\CV.exe
C:\Users\Martin\Desktop\CarlosAR_VW\Debug\CV.ilk
