C:\USERS\DOKONALY\DOCUMENTS\VISUAL STUDIO 2012\PROJECTS\GIT\CARLOSAR_VW\COM.CARLOS.TEXTPOSMODULE\DEBUG\DLLMAIN.OBJ
C:\USERS\DOKONALY\DOCUMENTS\VISUAL STUDIO 2012\PROJECTS\GIT\CARLOSAR_VW\COM.CARLOS.TEXTPOSMODULE\DEBUG\VC110.PDB
C:\USERS\SEKY\DOCUMENTS\VISUAL STUDIO 2012\PROJECTS\GIT\CARLOSAR_VW\COM.CARLOS.TEXTPOSMODULE\DEBUG\VC110.PDB
C:\USERS\SEKY\DOCUMENTS\VISUAL STUDIO 2012\PROJECTS\GIT\CARLOSAR_VW\COM.CARLOS.TEXTPOSMODULE\DEBUG\DLLMAIN.OBJ
C:\Users\Dokonaly\Documents\Visual Studio 2012\Projects\Git\CarlosAR_VW\Debug\com.carlos.textPosModule.lib
C:\Users\Dokonaly\Documents\Visual Studio 2012\Projects\Git\CarlosAR_VW\Debug\com.carlos.textPosModule.exp
C:\Users\Seky\Documents\Visual Studio 2012\Projects\git\CarlosAR_VW\Debug\com.carlos.textPosModule.lib
C:\Users\Seky\Documents\Visual Studio 2012\Projects\git\CarlosAR_VW\Debug\com.carlos.textPosModule.exp
C:\USERS\DOKONALY\DOCUMENTS\VISUAL STUDIO 2012\PROJECTS\GIT\CARLOSAR_VW\DEBUG\COM.CARLOS.TEXTPOSMODULE.ILK
C:\USERS\DOKONALY\DOCUMENTS\VISUAL STUDIO 2012\PROJECTS\GIT\CARLOSAR_VW\DEBUG\COM.CARLOS.TEXTPOSMODULE.DLL
C:\USERS\DOKONALY\DOCUMENTS\VISUAL STUDIO 2012\PROJECTS\GIT\CARLOSAR_VW\DEBUG\COM.CARLOS.TEXTPOSMODULE.PDB
C:\USERS\SEKY\DOCUMENTS\VISUAL STUDIO 2012\PROJECTS\GIT\CARLOSAR_VW\DEBUG\COM.CARLOS.TEXTPOSMODULE.ILK
C:\USERS\SEKY\DOCUMENTS\VISUAL STUDIO 2012\PROJECTS\GIT\CARLOSAR_VW\DEBUG\COM.CARLOS.TEXTPOSMODULE.DLL
C:\USERS\SEKY\DOCUMENTS\VISUAL STUDIO 2012\PROJECTS\GIT\CARLOSAR_VW\DEBUG\COM.CARLOS.TEXTPOSMODULE.PDB
C:\Users\Seky\Documents\Visual Studio 2012\Projects\git\CarlosAR_VW\com.carlos.textPosModule\Debug\DllMain.obj
C:\Users\Seky\Documents\Visual Studio 2012\Projects\git\CarlosAR_VW\com.carlos.textPosModule\Debug\cl.command.1.tlog
C:\Users\Seky\Documents\Visual Studio 2012\Projects\git\CarlosAR_VW\com.carlos.textPosModule\Debug\CL.read.1.tlog
C:\Users\Seky\Documents\Visual Studio 2012\Projects\git\CarlosAR_VW\com.carlos.textPosModule\Debug\CL.write.1.tlog
C:\Users\Seky\Documents\Visual Studio 2012\Projects\git\CarlosAR_VW\com.carlos.textPosModule\Debug\com.carlos.textPosModule.write.1.tlog
C:\Users\Seky\Documents\Visual Studio 2012\Projects\git\CarlosAR_VW\com.carlos.textPosModule\Debug\link-cvtres.read.1.tlog
C:\Users\Seky\Documents\Visual Studio 2012\Projects\git\CarlosAR_VW\com.carlos.textPosModule\Debug\link-cvtres.write.1.tlog
C:\Users\Seky\Documents\Visual Studio 2012\Projects\git\CarlosAR_VW\com.carlos.textPosModule\Debug\link-rc.read.1.tlog
C:\Users\Seky\Documents\Visual Studio 2012\Projects\git\CarlosAR_VW\com.carlos.textPosModule\Debug\link-rc.write.1.tlog
C:\Users\Seky\Documents\Visual Studio 2012\Projects\git\CarlosAR_VW\com.carlos.textPosModule\Debug\link.command.1.tlog
C:\Users\Seky\Documents\Visual Studio 2012\Projects\git\CarlosAR_VW\com.carlos.textPosModule\Debug\link.read.1.tlog
C:\Users\Seky\Documents\Visual Studio 2012\Projects\git\CarlosAR_VW\com.carlos.textPosModule\Debug\link.write.1.tlog
C:\Users\Seky\Documents\Visual Studio 2012\Projects\git\CarlosAR_VW\com.carlos.textPosModule\Debug\vc110.idb
C:\Users\Seky\Documents\Visual Studio 2012\Projects\git\CarlosAR_VW\com.carlos.textPosModule\Debug\vc110.pdb
C:\Users\Seky\Documents\Visual Studio 2012\Projects\git\CarlosAR_VW\Debug\com.carlos.textPosModule.pdb
C:\Users\Seky\Documents\Visual Studio 2012\Projects\git\CarlosAR_VW\Debug\com.carlos.textPosModule.dll
C:\Users\Seky\Documents\Visual Studio 2012\Projects\git\CarlosAR_VW\Debug\com.carlos.textPosModule.ilk
