C:\USERS\BENESOVA\DOCUMENTS\TíMOVé PROJEKTY\CARLOS\CARLOSAR_VW\COM.CARLOS.KINECT\DEBUG\DLLMAIN.OBJ
C:\USERS\BENESOVA\DOCUMENTS\TÍMOVÉ PROJEKTY\CARLOS\CARLOSAR_VW\COM.CARLOS.KINECT\DEBUG\VC110.PDB
C:\Users\Benesova\Documents\Tímové projekty\Carlos\CarlosAR_VW\Debug\com.carlos.kinect.lib
C:\Users\Benesova\Documents\Tímové projekty\Carlos\CarlosAR_VW\Debug\com.carlos.kinect.exp
C:\USERS\BENESOVA\DOCUMENTS\TíMOVé PROJEKTY\CARLOS\CARLOSAR_VW\DEBUG\COM.CARLOS.KINECT.ILK
C:\USERS\BENESOVA\DOCUMENTS\TíMOVé PROJEKTY\CARLOS\CARLOSAR_VW\DEBUG\COM.CARLOS.KINECT.DLL
C:\USERS\BENESOVA\DOCUMENTS\TÍMOVÉ PROJEKTY\CARLOS\CARLOSAR_VW\DEBUG\COM.CARLOS.KINECT.PDB
C:\Users\Benesova\Documents\Tímové projekty\Carlos\CarlosAR_VW\com.carlos.kinect\Debug\DllMain.obj
C:\Users\Benesova\Documents\Tímové projekty\Carlos\CarlosAR_VW\com.carlos.kinect\Debug\cl.command.1.tlog
C:\Users\Benesova\Documents\Tímové projekty\Carlos\CarlosAR_VW\com.carlos.kinect\Debug\CL.read.1.tlog
C:\Users\Benesova\Documents\Tímové projekty\Carlos\CarlosAR_VW\com.carlos.kinect\Debug\CL.write.1.tlog
C:\Users\Benesova\Documents\Tímové projekty\Carlos\CarlosAR_VW\com.carlos.kinect\Debug\com.carlos.kinect.write.1.tlog
C:\Users\Benesova\Documents\Tímové projekty\Carlos\CarlosAR_VW\com.carlos.kinect\Debug\link-cvtres.read.1.tlog
C:\Users\Benesova\Documents\Tímové projekty\Carlos\CarlosAR_VW\com.carlos.kinect\Debug\link-cvtres.write.1.tlog
C:\Users\Benesova\Documents\Tímové projekty\Carlos\CarlosAR_VW\com.carlos.kinect\Debug\link-rc.read.1.tlog
C:\Users\Benesova\Documents\Tímové projekty\Carlos\CarlosAR_VW\com.carlos.kinect\Debug\link-rc.write.1.tlog
C:\Users\Benesova\Documents\Tímové projekty\Carlos\CarlosAR_VW\com.carlos.kinect\Debug\link.command.1.tlog
C:\Users\Benesova\Documents\Tímové projekty\Carlos\CarlosAR_VW\com.carlos.kinect\Debug\link.read.1.tlog
C:\Users\Benesova\Documents\Tímové projekty\Carlos\CarlosAR_VW\com.carlos.kinect\Debug\link.write.1.tlog
C:\Users\Benesova\Documents\Tímové projekty\Carlos\CarlosAR_VW\com.carlos.kinect\Debug\vc110.idb
C:\Users\Benesova\Documents\Tímové projekty\Carlos\CarlosAR_VW\com.carlos.kinect\Debug\vc110.pdb
C:\Users\Benesova\Documents\Tímové projekty\Carlos\CarlosAR_VW\Debug\com.carlos.kinect.pdb
C:\Users\Benesova\Documents\Tímové projekty\Carlos\CarlosAR_VW\Debug\com.carlos.kinect.dll
C:\Users\Benesova\Documents\Tímové projekty\Carlos\CarlosAR_VW\Debug\com.carlos.kinect.ilk
