C:\USERS\PATRIK\DOCUMENTS\TP\PROJECT\DEVELOP\CARLOSAR_VW\COM.CARLOS.DLL\DEBUG\DLLMAIN.OBJ
C:\USERS\PATRIK\DOCUMENTS\TP\PROJECT\DEVELOP\CARLOSAR_VW\COM.CARLOS.DLL\DEBUG\VC110.PDB
C:\Users\Patrik\Documents\TP\Project\develop\CarlosAR_VW\Debug\com.carlos.dll.lib
C:\Users\Patrik\Documents\TP\Project\develop\CarlosAR_VW\Debug\com.carlos.dll.exp
C:\USERS\PATRIK\DOCUMENTS\TP\PROJECT\DEVELOP\CARLOSAR_VW\DEBUG\COM.CARLOS.DLL.ILK
C:\USERS\PATRIK\DOCUMENTS\TP\PROJECT\DEVELOP\CARLOSAR_VW\DEBUG\COM.CARLOS.DLL.EXE
C:\USERS\PATRIK\DOCUMENTS\TP\PROJECT\DEVELOP\CARLOSAR_VW\DEBUG\COM.CARLOS.DLL.PDB
C:\Users\Patrik\Documents\TP\Project\develop\CarlosAR_VW\com.carlos.dll\Debug\DllMain.obj
C:\Users\Patrik\Documents\TP\Project\develop\CarlosAR_VW\com.carlos.dll\Debug\cl.command.1.tlog
C:\Users\Patrik\Documents\TP\Project\develop\CarlosAR_VW\com.carlos.dll\Debug\CL.read.1.tlog
C:\Users\Patrik\Documents\TP\Project\develop\CarlosAR_VW\com.carlos.dll\Debug\CL.write.1.tlog
C:\Users\Patrik\Documents\TP\Project\develop\CarlosAR_VW\com.carlos.dll\Debug\com.carlos.dll.write.1.tlog
C:\Users\Patrik\Documents\TP\Project\develop\CarlosAR_VW\com.carlos.dll\Debug\link-cvtres.read.1.tlog
C:\Users\Patrik\Documents\TP\Project\develop\CarlosAR_VW\com.carlos.dll\Debug\link-cvtres.write.1.tlog
C:\Users\Patrik\Documents\TP\Project\develop\CarlosAR_VW\com.carlos.dll\Debug\link-rc.read.1.tlog
C:\Users\Patrik\Documents\TP\Project\develop\CarlosAR_VW\com.carlos.dll\Debug\link-rc.write.1.tlog
C:\Users\Patrik\Documents\TP\Project\develop\CarlosAR_VW\com.carlos.dll\Debug\link.command.1.tlog
C:\Users\Patrik\Documents\TP\Project\develop\CarlosAR_VW\com.carlos.dll\Debug\link.read.1.tlog
C:\Users\Patrik\Documents\TP\Project\develop\CarlosAR_VW\com.carlos.dll\Debug\link.write.1.tlog
C:\Users\Patrik\Documents\TP\Project\develop\CarlosAR_VW\com.carlos.dll\Debug\vc110.idb
C:\Users\Patrik\Documents\TP\Project\develop\CarlosAR_VW\com.carlos.dll\Debug\vc110.pdb
C:\Users\Patrik\Documents\TP\Project\develop\CarlosAR_VW\Debug\com.carlos.dll.pdb
C:\Users\Patrik\Documents\TP\Project\develop\CarlosAR_VW\Debug\com.carlos.dll.exe
C:\Users\Patrik\Documents\TP\Project\develop\CarlosAR_VW\Debug\com.carlos.dll.ilk
