C:\USERS\BENESOVA\DOCUMENTS\TíMOVé PROJEKTY\CARLOS\CARLOSAR_VW\COM.CARLOS.DLL\DEBUG\DLLMAIN.OBJ
C:\USERS\BENESOVA\DOCUMENTS\TÍMOVÉ PROJEKTY\CARLOS\CARLOSAR_VW\COM.CARLOS.DLL\DEBUG\VC110.PDB
C:\Users\Benesova\Documents\Tímové projekty\Carlos\CarlosAR_VW\Debug\com.carlos.spracovanieReality.lib
C:\Users\Benesova\Documents\Tímové projekty\Carlos\CarlosAR_VW\Debug\com.carlos.spracovanieReality.exp
C:\USERS\BENESOVA\DOCUMENTS\TíMOVé PROJEKTY\CARLOS\CARLOSAR_VW\DEBUG\COM.CARLOS.SPRACOVANIEREALITY.ILK
C:\USERS\BENESOVA\DOCUMENTS\TíMOVé PROJEKTY\CARLOS\CARLOSAR_VW\DEBUG\COM.CARLOS.SPRACOVANIEREALITY.DLL
C:\USERS\BENESOVA\DOCUMENTS\TÍMOVÉ PROJEKTY\CARLOS\CARLOSAR_VW\DEBUG\COM.CARLOS.SPRACOVANIEREALITY.PDB
C:\Users\Benesova\Documents\Tímové projekty\Carlos\CarlosAR_VW\com.carlos.dll\Debug\DllMain.obj
C:\Users\Benesova\Documents\Tímové projekty\Carlos\CarlosAR_VW\com.carlos.dll\Debug\cl.command.1.tlog
C:\Users\Benesova\Documents\Tímové projekty\Carlos\CarlosAR_VW\com.carlos.dll\Debug\CL.read.1.tlog
C:\Users\Benesova\Documents\Tímové projekty\Carlos\CarlosAR_VW\com.carlos.dll\Debug\CL.write.1.tlog
C:\Users\Benesova\Documents\Tímové projekty\Carlos\CarlosAR_VW\com.carlos.dll\Debug\com.carlos.spracovanieReality.write.1.tlog
C:\Users\Benesova\Documents\Tímové projekty\Carlos\CarlosAR_VW\com.carlos.dll\Debug\link-cvtres.read.1.tlog
C:\Users\Benesova\Documents\Tímové projekty\Carlos\CarlosAR_VW\com.carlos.dll\Debug\link-cvtres.write.1.tlog
C:\Users\Benesova\Documents\Tímové projekty\Carlos\CarlosAR_VW\com.carlos.dll\Debug\link-rc.read.1.tlog
C:\Users\Benesova\Documents\Tímové projekty\Carlos\CarlosAR_VW\com.carlos.dll\Debug\link-rc.write.1.tlog
C:\Users\Benesova\Documents\Tímové projekty\Carlos\CarlosAR_VW\com.carlos.dll\Debug\link.command.1.tlog
C:\Users\Benesova\Documents\Tímové projekty\Carlos\CarlosAR_VW\com.carlos.dll\Debug\link.read.1.tlog
C:\Users\Benesova\Documents\Tímové projekty\Carlos\CarlosAR_VW\com.carlos.dll\Debug\link.write.1.tlog
C:\Users\Benesova\Documents\Tímové projekty\Carlos\CarlosAR_VW\com.carlos.dll\Debug\vc110.idb
C:\Users\Benesova\Documents\Tímové projekty\Carlos\CarlosAR_VW\com.carlos.dll\Debug\vc110.pdb
C:\Users\Benesova\Documents\Tímové projekty\Carlos\CarlosAR_VW\Debug\com.carlos.spracovanieReality.pdb
C:\Users\Benesova\Documents\Tímové projekty\Carlos\CarlosAR_VW\Debug\com.carlos.spracovanieReality.dll
C:\Users\Benesova\Documents\Tímové projekty\Carlos\CarlosAR_VW\Debug\com.carlos.spracovanieReality.ilk
