  DllMain.cpp
c:\users\patrik\documents\tp\project\develop\carlosar_vw\com.carlos.dll\dllmain.cpp(46): warning C4018: '<' : signed/unsigned mismatch
c:\users\patrik\documents\tp\project\develop\carlosar_vw\com.carlos.dll\dllmain.cpp(72): warning C4244: 'argument' : conversion from 'float' to 'int', possible loss of data
c:\users\patrik\documents\tp\project\develop\carlosar_vw\com.carlos.dll\dllmain.cpp(100): warning C4018: '<' : signed/unsigned mismatch
c:\users\patrik\documents\tp\project\develop\carlosar_vw\com.carlos.dll\dllmain.cpp(121): warning C4018: '<' : signed/unsigned mismatch
c:\users\patrik\documents\tp\project\develop\carlosar_vw\com.carlos.dll\dllmain.cpp(174): warning C4244: 'argument' : conversion from 'int' to 'float', possible loss of data
c:\users\patrik\documents\tp\project\develop\carlosar_vw\com.carlos.dll\dllmain.cpp(175): warning C4244: 'argument' : conversion from 'int' to 'float', possible loss of data
c:\users\patrik\documents\tp\project\develop\carlosar_vw\com.carlos.dll\dllmain.cpp(176): warning C4101: 'e' : unreferenced local variable
c:\users\patrik\documents\tp\project\develop\carlosar_vw\com.carlos.dll\dllmain.cpp(196): warning C4018: '<' : signed/unsigned mismatch
c:\users\patrik\documents\tp\project\develop\carlosar_vw\com.carlos.dll\dllmain.cpp(213): warning C4018: '<' : signed/unsigned mismatch
c:\users\patrik\documents\tp\project\develop\carlosar_vw\com.carlos.dll\dllmain.cpp(237): warning C4018: '>' : signed/unsigned mismatch
c:\users\patrik\documents\tp\project\develop\carlosar_vw\com.carlos.dll\dllmain.cpp(239): warning C4018: '<' : signed/unsigned mismatch
c:\users\patrik\documents\tp\project\develop\carlosar_vw\com.carlos.dll\dllmain.cpp(275): warning C4018: '<' : signed/unsigned mismatch
c:\users\patrik\documents\tp\project\develop\carlosar_vw\com.carlos.dll\dllmain.cpp(267): warning C4101: 'e' : unreferenced local variable
c:\users\patrik\documents\tp\project\develop\carlosar_vw\com.carlos.dll\dllmain.cpp(294): warning C4018: '<' : signed/unsigned mismatch
c:\users\patrik\documents\tp\project\develop\carlosar_vw\com.carlos.dll\dllmain.cpp(333): warning C4018: '<' : signed/unsigned mismatch
c:\users\patrik\documents\tp\project\develop\carlosar_vw\com.carlos.dll\dllmain.cpp(349): warning C4018: '<' : signed/unsigned mismatch
c:\users\patrik\documents\tp\project\develop\carlosar_vw\com.carlos.dll\dllmain.cpp(391): warning C4018: '<' : signed/unsigned mismatch
c:\users\patrik\documents\tp\project\develop\carlosar_vw\com.carlos.dll\dllmain.cpp(527): warning C4018: '>' : signed/unsigned mismatch
c:\users\patrik\documents\tp\project\develop\carlosar_vw\com.carlos.dll\dllmain.cpp(529): warning C4018: '<' : signed/unsigned mismatch
c:\users\patrik\documents\tp\project\develop\carlosar_vw\com.carlos.dll\dllmain.cpp(543): warning C4018: '<' : signed/unsigned mismatch
c:\users\patrik\documents\tp\project\develop\carlosar_vw\com.carlos.dll\dllmain.cpp(537): warning C4101: 'e' : unreferenced local variable
c:\users\patrik\documents\tp\project\develop\carlosar_vw\com.carlos.dll\dllmain.cpp(645): warning C4018: '<' : signed/unsigned mismatch
c:\users\patrik\documents\tp\project\develop\carlosar_vw\com.carlos.dll\dllmain.cpp(618): warning C4101: 'mode' : unreferenced local variable
     Creating library C:\Users\Patrik\Documents\TP\Project\develop\CarlosAR_VW\Debug\com.carlos.spracovanieReality.lib and object C:\Users\Patrik\Documents\TP\Project\develop\CarlosAR_VW\Debug\com.carlos.spracovanieReality.exp
  com.carlos.dll.vcxproj -> C:\Users\Patrik\Documents\TP\Project\develop\CarlosAR_VW\Debug\com.carlos.spracovanieReality.exe
