C:\USERS\BENESOVA\DOCUMENTS\TíMOVé PROJEKTY\CARLOS\CARLOSAR_VW\COM.CARLOS.TCP\DEBUG\DLLMAIN.OBJ
C:\USERS\BENESOVA\DOCUMENTS\TíMOVé PROJEKTY\CARLOS\CARLOSAR_VW\COM.CARLOS.TCP\DEBUG\SERVERSOCKET.OBJ
C:\USERS\BENESOVA\DOCUMENTS\TíMOVé PROJEKTY\CARLOS\CARLOSAR_VW\COM.CARLOS.TCP\DEBUG\SOCKETLISTENER.OBJ
C:\USERS\BENESOVA\DOCUMENTS\TÍMOVÉ PROJEKTY\CARLOS\CARLOSAR_VW\COM.CARLOS.TCP\DEBUG\VC110.PDB
C:\Users\Benesova\Documents\Tímové projekty\Carlos\CarlosAR_VW\Debug\com.carlos.android.tcpServer.lib
C:\Users\Benesova\Documents\Tímové projekty\Carlos\CarlosAR_VW\Debug\com.carlos.android.tcpServer.exp
C:\USERS\BENESOVA\DOCUMENTS\TíMOVé PROJEKTY\CARLOS\CARLOSAR_VW\DEBUG\COM.CARLOS.ANDROID.TCPSERVER.ILK
C:\USERS\BENESOVA\DOCUMENTS\TíMOVé PROJEKTY\CARLOS\CARLOSAR_VW\DEBUG\COM.CARLOS.ANDROID.TCPSERVER.DLL
C:\USERS\BENESOVA\DOCUMENTS\TÍMOVÉ PROJEKTY\CARLOS\CARLOSAR_VW\DEBUG\COM.CARLOS.ANDROID.TCPSERVER.PDB
C:\Users\Benesova\Documents\Tímové projekty\Carlos\CarlosAR_VW\com.carlos.tcp\Debug\DllMain.obj
C:\Users\Benesova\Documents\Tímové projekty\Carlos\CarlosAR_VW\com.carlos.tcp\Debug\ServerSocket.obj
C:\Users\Benesova\Documents\Tímové projekty\Carlos\CarlosAR_VW\com.carlos.tcp\Debug\SocketListener.obj
C:\Users\Benesova\Documents\Tímové projekty\Carlos\CarlosAR_VW\com.carlos.tcp\Debug\cl.command.1.tlog
C:\Users\Benesova\Documents\Tímové projekty\Carlos\CarlosAR_VW\com.carlos.tcp\Debug\CL.read.1.tlog
C:\Users\Benesova\Documents\Tímové projekty\Carlos\CarlosAR_VW\com.carlos.tcp\Debug\CL.write.1.tlog
C:\Users\Benesova\Documents\Tímové projekty\Carlos\CarlosAR_VW\com.carlos.tcp\Debug\com.carlos.android.tcpServer.write.1.tlog
C:\Users\Benesova\Documents\Tímové projekty\Carlos\CarlosAR_VW\com.carlos.tcp\Debug\link-cvtres.read.1.tlog
C:\Users\Benesova\Documents\Tímové projekty\Carlos\CarlosAR_VW\com.carlos.tcp\Debug\link-cvtres.write.1.tlog
C:\Users\Benesova\Documents\Tímové projekty\Carlos\CarlosAR_VW\com.carlos.tcp\Debug\link-rc.read.1.tlog
C:\Users\Benesova\Documents\Tímové projekty\Carlos\CarlosAR_VW\com.carlos.tcp\Debug\link-rc.write.1.tlog
C:\Users\Benesova\Documents\Tímové projekty\Carlos\CarlosAR_VW\com.carlos.tcp\Debug\link.command.1.tlog
C:\Users\Benesova\Documents\Tímové projekty\Carlos\CarlosAR_VW\com.carlos.tcp\Debug\link.read.1.tlog
C:\Users\Benesova\Documents\Tímové projekty\Carlos\CarlosAR_VW\com.carlos.tcp\Debug\link.write.1.tlog
C:\Users\Benesova\Documents\Tímové projekty\Carlos\CarlosAR_VW\com.carlos.tcp\Debug\vc110.idb
C:\Users\Benesova\Documents\Tímové projekty\Carlos\CarlosAR_VW\com.carlos.tcp\Debug\vc110.pdb
C:\Users\Benesova\Documents\Tímové projekty\Carlos\CarlosAR_VW\Debug\com.carlos.android.tcpServer.pdb
C:\Users\Benesova\Documents\Tímové projekty\Carlos\CarlosAR_VW\Debug\com.carlos.android.tcpServer.dll
C:\Users\Benesova\Documents\Tímové projekty\Carlos\CarlosAR_VW\Debug\com.carlos.android.tcpServer.ilk
