D:\TIMAKY\CARLOS2013-14\CARLOSAR_VW\COM.CARLOS.HRA\RELEASE\VERTEXBUFFEROBJECT.OBJ
D:\TIMAKY\CARLOS2013-14\CARLOSAR_VW\COM.CARLOS.HRA\RELEASE\TEXTURE.OBJ
D:\TIMAKY\CARLOS2013-14\CARLOSAR_VW\COM.CARLOS.HRA\RELEASE\SHADERS.OBJ
D:\TIMAKY\CARLOS2013-14\CARLOSAR_VW\COM.CARLOS.HRA\RELEASE\OBJMODEL.OBJ
D:\TIMAKY\CARLOS2013-14\CARLOSAR_VW\COM.CARLOS.HRA\RELEASE\CLASS.SCENE.OBJ
D:\TIMAKY\CARLOS2013-14\CARLOSAR_VW\COM.CARLOS.HRA\RELEASE\AABB.OBJ
D:\TIMAKY\CARLOS2013-14\CARLOSAR_VW\COM.CARLOS.HRA\RELEASE\CLASS.DLLMODULVYKRESLOVANIA.OBJ
D:\TIMAKY\CARLOS2013-14\CARLOSAR_VW\COM.CARLOS.HRA\RELEASE\DLLMAIN.OBJ
D:\TIMAKY\CARLOS2013-14\CARLOSAR_VW\COM.CARLOS.HRA\RELEASE\CLASS.PLAYINGGAMESTATE.OBJ
D:\TIMAKY\CARLOS2013-14\CARLOSAR_VW\COM.CARLOS.HRA\RELEASE\CLASS.GAMESTATECONTROLLER.OBJ
D:\TIMAKY\CARLOS2013-14\CARLOSAR_VW\COM.CARLOS.HRA\RELEASE\FONT.OBJ
D:\TIMAKY\CARLOS2013-14\CARLOSAR_VW\COM.CARLOS.HRA\RELEASE\CLASS.VISUALCONTROLLER.OBJ
D:\TIMAKY\CARLOS2013-14\CARLOSAR_VW\COM.CARLOS.HRA\RELEASE\CLASS.TEXTANDPOSITIONFORMATTER.OBJ
D:\TIMAKY\CARLOS2013-14\CARLOSAR_VW\COM.CARLOS.HRA\RELEASE\CLASS.RESOURCEMANAGER.OBJ
D:\TIMAKY\CARLOS2013-14\CARLOSAR_VW\COM.CARLOS.HRA\RELEASE\CLASS.FRAMEDATA.OBJ
D:\TIMAKY\CARLOS2013-14\CARLOSAR_VW\COM.CARLOS.HRA\RELEASE\CLASS.PLANE.OBJ
D:\TIMAKY\CARLOS2013-14\CARLOSAR_VW\COM.CARLOS.HRA\RELEASE\VC110.PDB
D:\Timaky\Carlos2013-14\CarlosAR_VW\Release\com.carlos.hra.lib
D:\Timaky\Carlos2013-14\CarlosAR_VW\Release\com.carlos.hra.exp
D:\TIMAKY\CARLOS2013-14\CARLOSAR_VW\RELEASE\COM.CARLOS.HRA.DLL
D:\TIMAKY\CARLOS2013-14\CARLOSAR_VW\RELEASE\COM.CARLOS.HRA.PDB
D:\Timaky\Carlos2013-14\CarlosAR_VW\com.carlos.hra\Release\AABB.obj
D:\Timaky\Carlos2013-14\CarlosAR_VW\com.carlos.hra\Release\class.DllModulVykreslovania.obj
D:\Timaky\Carlos2013-14\CarlosAR_VW\com.carlos.hra\Release\class.FrameData.obj
D:\Timaky\Carlos2013-14\CarlosAR_VW\com.carlos.hra\Release\class.GameStateController.obj
D:\Timaky\Carlos2013-14\CarlosAR_VW\com.carlos.hra\Release\class.Plane.obj
D:\Timaky\Carlos2013-14\CarlosAR_VW\com.carlos.hra\Release\class.PlayingGameState.obj
D:\Timaky\Carlos2013-14\CarlosAR_VW\com.carlos.hra\Release\class.ResourceManager.obj
D:\Timaky\Carlos2013-14\CarlosAR_VW\com.carlos.hra\Release\class.Scene.obj
D:\Timaky\Carlos2013-14\CarlosAR_VW\com.carlos.hra\Release\class.TextAndPositionFormatter.obj
D:\Timaky\Carlos2013-14\CarlosAR_VW\com.carlos.hra\Release\class.VisualController.obj
D:\Timaky\Carlos2013-14\CarlosAR_VW\com.carlos.hra\Release\DllMain.obj
D:\Timaky\Carlos2013-14\CarlosAR_VW\com.carlos.hra\Release\font.obj
D:\Timaky\Carlos2013-14\CarlosAR_VW\com.carlos.hra\Release\objModel.obj
D:\Timaky\Carlos2013-14\CarlosAR_VW\com.carlos.hra\Release\shaders.obj
D:\Timaky\Carlos2013-14\CarlosAR_VW\com.carlos.hra\Release\texture.obj
D:\Timaky\Carlos2013-14\CarlosAR_VW\com.carlos.hra\Release\vertexBufferObject.obj
D:\Timaky\Carlos2013-14\CarlosAR_VW\com.carlos.hra\Release\cl.command.1.tlog
D:\Timaky\Carlos2013-14\CarlosAR_VW\com.carlos.hra\Release\CL.read.1.tlog
D:\Timaky\Carlos2013-14\CarlosAR_VW\com.carlos.hra\Release\CL.write.1.tlog
D:\Timaky\Carlos2013-14\CarlosAR_VW\com.carlos.hra\Release\com.carlos.hra.write.1.tlog
D:\Timaky\Carlos2013-14\CarlosAR_VW\com.carlos.hra\Release\link-cvtres.read.1.tlog
D:\Timaky\Carlos2013-14\CarlosAR_VW\com.carlos.hra\Release\link-cvtres.write.1.tlog
D:\Timaky\Carlos2013-14\CarlosAR_VW\com.carlos.hra\Release\link-rc.read.1.tlog
D:\Timaky\Carlos2013-14\CarlosAR_VW\com.carlos.hra\Release\link-rc.write.1.tlog
D:\Timaky\Carlos2013-14\CarlosAR_VW\com.carlos.hra\Release\link.command.1.tlog
D:\Timaky\Carlos2013-14\CarlosAR_VW\com.carlos.hra\Release\link.read.1.tlog
D:\Timaky\Carlos2013-14\CarlosAR_VW\com.carlos.hra\Release\link.write.1.tlog
D:\Timaky\Carlos2013-14\CarlosAR_VW\com.carlos.hra\Release\vc110.pdb
D:\Timaky\Carlos2013-14\CarlosAR_VW\Release\com.carlos.hra.pdb
D:\Timaky\Carlos2013-14\CarlosAR_VW\Release\com.carlos.hra.dll
