Build started 11/9/2013 10:30:46 PM.
     1>Project "C:\Users\Patrik\Documents\Visual Studio 2010\Projects\Carlos\Carlos\ImageRegistration\ImageRegistration.vcxproj" on node 2 (rebuild target(s)).
     1>_PrepareForClean:
         Deleting file "Release\ImageRegistration.lastbuildstate".
       InitializeBuildStatus:
         Creating "Release\ImageRegistration.unsuccessfulbuild" because "AlwaysCreate" was specified.
       ClCompile:
         c:\Program Files (x86)\Microsoft Visual Studio 10.0\VC\bin\CL.exe /c /Zi /nologo /W3 /WX- /O2 /Oi /Oy- /GL /D WIN32 /D NDEBUG /D _CONSOLE /D _WINDLL /D _UNICODE /D UNICODE /Gm- /EHsc /MD /GS /Gy /fp:precise /Zc:wchar_t /Zc:forScope /Fo"Release\\" /Fd"Release\vc100.pdb" /Gd /TP /analyze- /errorReport:prompt ImageRegistration.cpp
         ImageRegistration.cpp
     1>ImageRegistration.cpp(49): warning C4018: '>' : signed/unsigned mismatch
     1>ImageRegistration.cpp(49): warning C4018: '>' : signed/unsigned mismatch
     1>ImageRegistration.cpp(51): warning C4018: '<' : signed/unsigned mismatch
     1>ImageRegistration.cpp(66): warning C4018: '<' : signed/unsigned mismatch
     1>ImageRegistration.cpp(60): warning C4101: 'e' : unreferenced local variable
     1>ImageRegistration.cpp(78): warning C4018: '<' : signed/unsigned mismatch
     1>ImageRegistration.cpp(104): warning C4018: '<' : signed/unsigned mismatch
     1>ImageRegistration.cpp(128): warning C4018: '<' : signed/unsigned mismatch
       Link:
         c:\Program Files (x86)\Microsoft Visual Studio 10.0\VC\bin\link.exe /ERRORREPORT:PROMPT /OUT:"C:\Users\Patrik\Documents\Visual Studio 2010\Projects\Carlos\Carlos\Release\ImageRegistration.dll" /INCREMENTAL:NO /NOLOGO opencv_calib3d246.lib opencv_contrib246.lib opencv_core246.lib opencv_features2d246.lib opencv_flann246.lib opencv_gpu246.lib opencv_haartraining_engine.lib opencv_highgui246.lib opencv_imgproc246.lib opencv_legacy246.lib opencv_ml246.lib opencv_nonfree246.lib opencv_objdetect246.lib opencv_photo246.lib opencv_stitching246.lib opencv_ts246.lib opencv_video246.lib opencv_videostab246.lib kernel32.lib user32.lib gdi32.lib winspool.lib comdlg32.lib advapi32.lib shell32.lib ole32.lib oleaut32.lib uuid.lib odbc32.lib odbccp32.lib /MANIFEST /ManifestFile:"Release\ImageRegistration.dll.intermediate.manifest" /MANIFESTUAC:"level='asInvoker' uiAccess='false'" /DEBUG /PDB:"C:\Users\Patrik\Documents\Visual Studio 2010\Projects\Carlos\Carlos\Release\ImageRegistration.pdb" /SUBSYSTEM:CONSOLE /OPT:REF /OPT:ICF /LTCG /TLBID:1 /DYNAMICBASE /NXCOMPAT /IMPLIB:"C:\Users\Patrik\Documents\Visual Studio 2010\Projects\Carlos\Carlos\Release\ImageRegistration.lib" /MACHINE:X86 /DLL Release\ImageRegistration.obj
            Creating library C:\Users\Patrik\Documents\Visual Studio 2010\Projects\Carlos\Carlos\Release\ImageRegistration.lib and object C:\Users\Patrik\Documents\Visual Studio 2010\Projects\Carlos\Carlos\Release\ImageRegistration.exp
         Generating code
         Finished generating code
         ImageRegistration.vcxproj -> C:\Users\Patrik\Documents\Visual Studio 2010\Projects\Carlos\Carlos\Release\ImageRegistration.dll
       Manifest:
         C:\Program Files (x86)\Microsoft SDKs\Windows\v7.0A\bin\mt.exe /nologo /verbose /outputresource:"C:\Users\Patrik\Documents\Visual Studio 2010\Projects\Carlos\Carlos\Release\ImageRegistration.dll;#2" /manifest Release\ImageRegistration.dll.intermediate.manifest
       FinalizeBuildStatus:
         Deleting file "Release\ImageRegistration.unsuccessfulbuild".
         Touching "Release\ImageRegistration.lastbuildstate".
     1>Done Building Project "C:\Users\Patrik\Documents\Visual Studio 2010\Projects\Carlos\Carlos\ImageRegistration\ImageRegistration.vcxproj" (rebuild target(s)).

Build succeeded.

Time Elapsed 00:00:02.14
