C:\USERS\PATRIK\DOCUMENTS\VISUAL STUDIO 2010\PROJECTS\CARLOS\CARLOS\COM.CARLOS.DLL\RELEASE\CV.DLL.INTERMEDIATE.MANIFEST
C:\USERS\PATRIK\DOCUMENTS\VISUAL STUDIO 2010\PROJECTS\CARLOS\CARLOS\COM.CARLOS.DLL\RELEASE\CV.OBJ
C:\USERS\PATRIK\DOCUMENTS\VISUAL STUDIO 2010\PROJECTS\CARLOS\CARLOS\COM.CARLOS.DLL\RELEASE\VC100.PDB
C:\Users\Patrik\Documents\Visual Studio 2010\Projects\Carlos\Carlos\ImageRegistration\Release\cl.command.1.tlog
C:\Users\Patrik\Documents\Visual Studio 2010\Projects\Carlos\Carlos\ImageRegistration\Release\CL.read.1.tlog
C:\Users\Patrik\Documents\Visual Studio 2010\Projects\Carlos\Carlos\ImageRegistration\Release\CL.write.1.tlog
C:\Users\Patrik\Documents\Visual Studio 2010\Projects\Carlos\Carlos\ImageRegistration\Release\CV.dll.intermediate.manifest
C:\USERS\PATRIK\DOCUMENTS\VISUAL STUDIO 2010\PROJECTS\CARLOS\CARLOS\IMAGEREGISTRATION\RELEASE\CV.OBJ
C:\Users\Patrik\Documents\Visual Studio 2010\Projects\Carlos\Carlos\ImageRegistration\Release\CV.write.1.tlog
C:\USERS\PATRIK\DOCUMENTS\VISUAL STUDIO 2010\PROJECTS\CARLOS\CARLOS\IMAGEREGISTRATION\RELEASE\IMAGEREGISTRATION.DLL.INTERMEDIATE.MANIFEST
C:\USERS\PATRIK\DOCUMENTS\VISUAL STUDIO 2010\PROJECTS\CARLOS\CARLOS\IMAGEREGISTRATION\RELEASE\IMAGEREGISTRATION.OBJ
C:\Users\Patrik\Documents\Visual Studio 2010\Projects\Carlos\Carlos\ImageRegistration\Release\ImageRegistration.write.1.tlog
C:\Users\Patrik\Documents\Visual Studio 2010\Projects\Carlos\Carlos\ImageRegistration\Release\link.command.1.tlog
C:\Users\Patrik\Documents\Visual Studio 2010\Projects\Carlos\Carlos\ImageRegistration\Release\link.read.1.tlog
C:\Users\Patrik\Documents\Visual Studio 2010\Projects\Carlos\Carlos\ImageRegistration\Release\link.write.1.tlog
C:\Users\Patrik\Documents\Visual Studio 2010\Projects\Carlos\Carlos\ImageRegistration\Release\mt.command.1.tlog
C:\Users\Patrik\Documents\Visual Studio 2010\Projects\Carlos\Carlos\ImageRegistration\Release\mt.read.1.tlog
C:\Users\Patrik\Documents\Visual Studio 2010\Projects\Carlos\Carlos\ImageRegistration\Release\mt.write.1.tlog
C:\USERS\PATRIK\DOCUMENTS\VISUAL STUDIO 2010\PROJECTS\CARLOS\CARLOS\IMAGEREGISTRATION\RELEASE\VC100.PDB
C:\USERS\PATRIK\DOCUMENTS\VISUAL STUDIO 2010\PROJECTS\CARLOS\CARLOS\RELEASE\CV.DLL
C:\Users\Patrik\Documents\Visual Studio 2010\Projects\Carlos\Carlos\Release\CV.exp
C:\Users\Patrik\Documents\Visual Studio 2010\Projects\Carlos\Carlos\Release\CV.lib
C:\USERS\PATRIK\DOCUMENTS\VISUAL STUDIO 2010\PROJECTS\CARLOS\CARLOS\RELEASE\CV.PDB
C:\USERS\PATRIK\DOCUMENTS\VISUAL STUDIO 2010\PROJECTS\CARLOS\CARLOS\RELEASE\IMAGEREGISTRATION.DLL
C:\Users\Patrik\Documents\Visual Studio 2010\Projects\Carlos\Carlos\Release\ImageRegistration.exp
C:\Users\Patrik\Documents\Visual Studio 2010\Projects\Carlos\Carlos\Release\ImageRegistration.lib
C:\USERS\PATRIK\DOCUMENTS\VISUAL STUDIO 2010\PROJECTS\CARLOS\CARLOS\RELEASE\IMAGEREGISTRATION.PDB
