D:\TIMAKY\CARLOS2013-14\CARLOSAR_VW\CARLOS\RELEASE\MAIN.OBJ
D:\TIMAKY\CARLOS2013-14\CARLOSAR_VW\CARLOS\RELEASE\CLASS.MODULWRAPPER.OBJ
D:\TIMAKY\CARLOS2013-14\CARLOSAR_VW\CARLOS\RELEASE\CLASS.MODULESCONTROLLER.OBJ
D:\TIMAKY\CARLOS2013-14\CARLOSAR_VW\CARLOS\RELEASE\CLASS.CARLOS.OBJ
D:\TIMAKY\CARLOS2013-14\CARLOSAR_VW\CARLOS\RELEASE\CLASS.APP.OBJ
D:\TIMAKY\CARLOS2013-14\CARLOSAR_VW\CARLOS\RELEASE\VC110.PDB
D:\TIMAKY\CARLOS2013-14\CARLOSAR_VW\RELEASE\CARLOS.EXE
D:\TIMAKY\CARLOS2013-14\CARLOSAR_VW\RELEASE\CARLOS.PDB
D:\Timaky\Carlos2013-14\CarlosAR_VW\Carlos\Release\class.App.obj
D:\Timaky\Carlos2013-14\CarlosAR_VW\Carlos\Release\class.Carlos.obj
D:\Timaky\Carlos2013-14\CarlosAR_VW\Carlos\Release\class.ModulesController.obj
D:\Timaky\Carlos2013-14\CarlosAR_VW\Carlos\Release\class.ModulWrapper.obj
D:\Timaky\Carlos2013-14\CarlosAR_VW\Carlos\Release\main.obj
D:\Timaky\Carlos2013-14\CarlosAR_VW\Carlos\Release\cl.command.1.tlog
D:\Timaky\Carlos2013-14\CarlosAR_VW\Carlos\Release\CL.read.1.tlog
D:\Timaky\Carlos2013-14\CarlosAR_VW\Carlos\Release\CL.write.1.tlog
D:\Timaky\Carlos2013-14\CarlosAR_VW\Carlos\Release\link-cvtres.read.1.tlog
D:\Timaky\Carlos2013-14\CarlosAR_VW\Carlos\Release\link-cvtres.write.1.tlog
D:\Timaky\Carlos2013-14\CarlosAR_VW\Carlos\Release\link-rc.read.1.tlog
D:\Timaky\Carlos2013-14\CarlosAR_VW\Carlos\Release\link-rc.write.1.tlog
D:\Timaky\Carlos2013-14\CarlosAR_VW\Carlos\Release\link.command.1.tlog
D:\Timaky\Carlos2013-14\CarlosAR_VW\Carlos\Release\link.read.1.tlog
D:\Timaky\Carlos2013-14\CarlosAR_VW\Carlos\Release\link.write.1.tlog
D:\Timaky\Carlos2013-14\CarlosAR_VW\Carlos\Release\vc110.pdb
D:\Timaky\Carlos2013-14\CarlosAR_VW\Release\Carlos.pdb
D:\Timaky\Carlos2013-14\CarlosAR_VW\Release\Carlos.exe
