Build started 2/28/2014 12:17:36 AM.
     1>Project "C:\Users\Dokonaly\Documents\Visual Studio 2012\Projects\Git\CarlosAR_VW\Carlos\Carlos.vcxproj" on node 2 (Build target(s)).
     1>CTP_Warning:
         'Microsoft Visual C++ Compiler Nov 2012 CTP' is for testing purposes only.
       ClCompile:
         C:\Program Files (x86)\Microsoft Visual C++ Compiler Nov 2012 CTP\bin\CL.exe /c /ZI /nologo /W3 /WX- /Od /Oy- /D WIN32 /D _DEBUG /D _CONSOLE /D _UNICODE /D UNICODE /Gm /EHsc /RTC1 /MDd /GS /fp:precise /Zc:wchar_t /Zc:forScope /Fo"Debug\\" /Fd"Debug\vc110.pdb" /Gd /TP /analyze- /errorReport:prompt main\class.App.cpp main\class.Carlos.cpp main\class.ModulesController.cpp main\class.ModulWrapper.cpp main\main.cpp
         main.cpp
         class.ModulWrapper.cpp
         class.ModulesController.cpp
         class.Carlos.cpp
         class.App.cpp
         Generating Code...
       Link:
         C:\Program Files (x86)\Microsoft Visual Studio 11.0\VC\bin\link.exe /ERRORREPORT:PROMPT /OUT:"C:\Users\Dokonaly\Documents\Visual Studio 2012\Projects\Git\CarlosAR_VW\Debug\Carlos.exe" /INCREMENTAL /NOLOGO opencv_calib3d246d.lib opencv_contrib246d.lib opencv_core246d.lib opencv_features2d246d.lib opencv_flann246d.lib opencv_gpu246d.lib opencv_haartraining_engined.lib opencv_highgui246d.lib opencv_imgproc246d.lib opencv_legacy246d.lib opencv_ml246d.lib opencv_nonfree246d.lib opencv_objdetect246d.lib opencv_ocl246d.lib opencv_photo246d.lib opencv_stitching246d.lib opencv_superres246d.lib opencv_ts246d.lib opencv_video246d.lib opencv_videostab246d.lib kernel32.lib user32.lib gdi32.lib winspool.lib comdlg32.lib advapi32.lib shell32.lib ole32.lib oleaut32.lib uuid.lib odbc32.lib odbccp32.lib /MANIFEST /MANIFESTUAC:"level='asInvoker' uiAccess='false'" /manifest:embed /DEBUG /PDB:"C:\Users\Dokonaly\Documents\Visual Studio 2012\Projects\Git\CarlosAR_VW\Debug\Carlos.pdb" /SUBSYSTEM:CONSOLE /TLBID:1 /DYNAMICBASE /NXCOMPAT /IMPLIB:"C:\Users\Dokonaly\Documents\Visual Studio 2012\Projects\Git\CarlosAR_VW\Debug\Carlos.lib" /MACHINE:X86 "/fe:C:\Program Files (x86)\Microsoft Visual C++ Compiler Nov 2012 CTP\\bin\c1xx.dll"  Debug\class.App.obj
         Debug\class.Carlos.obj
         Debug\class.ModulesController.obj
         Debug\class.ModulWrapper.obj
         Debug\main.obj
     1>com.carlos.architecture.lib(class.Configuration.obj) : warning LNK4099: PDB 'vc110.pdb' was not found with 'com.carlos.architecture.lib(class.Configuration.obj)' or at 'C:\Users\Dokonaly\Documents\Visual Studio 2012\Projects\Git\CarlosAR_VW\Debug\vc110.pdb'; linking object as if no debug info
     1>com.carlos.architecture.lib(tinyxml2.obj) : warning LNK4099: PDB 'vc110.pdb' was not found with 'com.carlos.architecture.lib(tinyxml2.obj)' or at 'C:\Users\Dokonaly\Documents\Visual Studio 2012\Projects\Git\CarlosAR_VW\Debug\vc110.pdb'; linking object as if no debug info
     1>com.carlos.architecture.lib(class.DBService.obj) : warning LNK4099: PDB 'vc110.pdb' was not found with 'com.carlos.architecture.lib(class.DBService.obj)' or at 'C:\Users\Dokonaly\Documents\Visual Studio 2012\Projects\Git\CarlosAR_VW\Debug\vc110.pdb'; linking object as if no debug info
     1>com.carlos.architecture.lib(sqlite3.obj) : warning LNK4099: PDB 'vc110.pdb' was not found with 'com.carlos.architecture.lib(sqlite3.obj)' or at 'C:\Users\Dokonaly\Documents\Visual Studio 2012\Projects\Git\CarlosAR_VW\Debug\vc110.pdb'; linking object as if no debug info
     1>com.carlos.architecture.lib(utilities.obj) : warning LNK4099: PDB 'vc110.pdb' was not found with 'com.carlos.architecture.lib(utilities.obj)' or at 'C:\Users\Dokonaly\Documents\Visual Studio 2012\Projects\Git\CarlosAR_VW\Debug\vc110.pdb'; linking object as if no debug info
         Carlos.vcxproj -> C:\Users\Dokonaly\Documents\Visual Studio 2012\Projects\Git\CarlosAR_VW\Debug\Carlos.exe
     1>Done Building Project "C:\Users\Dokonaly\Documents\Visual Studio 2012\Projects\Git\CarlosAR_VW\Carlos\Carlos.vcxproj" (Build target(s)).

Build succeeded.

Time Elapsed 00:01:03.13
