C:\USERS\SEKY\DOCUMENTS\VISUAL STUDIO 2012\PROJECTS\GIT\CARLOSAR_VW\CARLOS\DEBUG\CLASS.APP.OBJ
C:\USERS\SEKY\DOCUMENTS\VISUAL STUDIO 2012\PROJECTS\GIT\CARLOSAR_VW\CARLOS\DEBUG\CLASS.CARLOS.OBJ
C:\USERS\SEKY\DOCUMENTS\VISUAL STUDIO 2012\PROJECTS\GIT\CARLOSAR_VW\CARLOS\DEBUG\CLASS.MODULESCONTROLLER.OBJ
C:\USERS\SEKY\DOCUMENTS\VISUAL STUDIO 2012\PROJECTS\GIT\CARLOSAR_VW\CARLOS\DEBUG\CLASS.MODULWRAPPER.OBJ
C:\USERS\SEKY\DOCUMENTS\VISUAL STUDIO 2012\PROJECTS\GIT\CARLOSAR_VW\CARLOS\DEBUG\MAIN.OBJ
C:\USERS\SEKY\DOCUMENTS\VISUAL STUDIO 2012\PROJECTS\GIT\CARLOSAR_VW\CARLOS\DEBUG\VC110.PDB
C:\USERS\SEKY\DOCUMENTS\VISUAL STUDIO 2012\PROJECTS\GIT\CARLOSAR_VW\DEBUG\CARLOS.ILK
C:\USERS\SEKY\DOCUMENTS\VISUAL STUDIO 2012\PROJECTS\GIT\CARLOSAR_VW\DEBUG\CARLOS.EXE
C:\USERS\SEKY\DOCUMENTS\VISUAL STUDIO 2012\PROJECTS\GIT\CARLOSAR_VW\DEBUG\CARLOS.PDB
C:\Users\Seky\Documents\Visual Studio 2012\Projects\git\CarlosAR_VW\Carlos\Debug\class.App.obj
C:\Users\Seky\Documents\Visual Studio 2012\Projects\git\CarlosAR_VW\Carlos\Debug\class.Carlos.obj
C:\Users\Seky\Documents\Visual Studio 2012\Projects\git\CarlosAR_VW\Carlos\Debug\class.ModulesController.obj
C:\Users\Seky\Documents\Visual Studio 2012\Projects\git\CarlosAR_VW\Carlos\Debug\class.ModulWrapper.obj
C:\Users\Seky\Documents\Visual Studio 2012\Projects\git\CarlosAR_VW\Carlos\Debug\main.obj
C:\Users\Seky\Documents\Visual Studio 2012\Projects\git\CarlosAR_VW\Carlos\Debug\cl.command.1.tlog
C:\Users\Seky\Documents\Visual Studio 2012\Projects\git\CarlosAR_VW\Carlos\Debug\CL.read.1.tlog
C:\Users\Seky\Documents\Visual Studio 2012\Projects\git\CarlosAR_VW\Carlos\Debug\CL.write.1.tlog
C:\Users\Seky\Documents\Visual Studio 2012\Projects\git\CarlosAR_VW\Carlos\Debug\link-cvtres.read.1.tlog
C:\Users\Seky\Documents\Visual Studio 2012\Projects\git\CarlosAR_VW\Carlos\Debug\link-cvtres.write.1.tlog
C:\Users\Seky\Documents\Visual Studio 2012\Projects\git\CarlosAR_VW\Carlos\Debug\link-rc.read.1.tlog
C:\Users\Seky\Documents\Visual Studio 2012\Projects\git\CarlosAR_VW\Carlos\Debug\link-rc.write.1.tlog
C:\Users\Seky\Documents\Visual Studio 2012\Projects\git\CarlosAR_VW\Carlos\Debug\link.command.1.tlog
C:\Users\Seky\Documents\Visual Studio 2012\Projects\git\CarlosAR_VW\Carlos\Debug\link.read.1.tlog
C:\Users\Seky\Documents\Visual Studio 2012\Projects\git\CarlosAR_VW\Carlos\Debug\link.write.1.tlog
C:\Users\Seky\Documents\Visual Studio 2012\Projects\git\CarlosAR_VW\Carlos\Debug\vc110.idb
C:\Users\Seky\Documents\Visual Studio 2012\Projects\git\CarlosAR_VW\Carlos\Debug\vc110.pdb
C:\Users\Seky\Documents\Visual Studio 2012\Projects\git\CarlosAR_VW\Debug\Carlos.pdb
C:\Users\Seky\Documents\Visual Studio 2012\Projects\git\CarlosAR_VW\Debug\Carlos.exe
C:\Users\Seky\Documents\Visual Studio 2012\Projects\git\CarlosAR_VW\Debug\Carlos.ilk
