D:\TIMAKY\CARLOS2013-14\CARLOSAR_VW\COM.CARLOS.KINECT\RELEASE\DLLMAIN.OBJ
D:\TIMAKY\CARLOS2013-14\CARLOSAR_VW\COM.CARLOS.KINECT\RELEASE\DLLKINECT.OBJ
D:\TIMAKY\CARLOS2013-14\CARLOSAR_VW\COM.CARLOS.KINECT\RELEASE\VC110.PDB
D:\Timaky\Carlos2013-14\CarlosAR_VW\Release\com.carlos.kinect.lib
D:\Timaky\Carlos2013-14\CarlosAR_VW\Release\com.carlos.kinect.exp
D:\TIMAKY\CARLOS2013-14\CARLOSAR_VW\RELEASE\COM.CARLOS.KINECT.DLL
D:\TIMAKY\CARLOS2013-14\CARLOSAR_VW\RELEASE\COM.CARLOS.KINECT.PDB
D:\Timaky\Carlos2013-14\CarlosAR_VW\com.carlos.kinect\Release\DllKinect.obj
D:\Timaky\Carlos2013-14\CarlosAR_VW\com.carlos.kinect\Release\DllMain.obj
D:\Timaky\Carlos2013-14\CarlosAR_VW\com.carlos.kinect\Release\cl.command.1.tlog
D:\Timaky\Carlos2013-14\CarlosAR_VW\com.carlos.kinect\Release\CL.read.1.tlog
D:\Timaky\Carlos2013-14\CarlosAR_VW\com.carlos.kinect\Release\CL.write.1.tlog
D:\Timaky\Carlos2013-14\CarlosAR_VW\com.carlos.kinect\Release\com.carlos.kinect.write.1.tlog
D:\Timaky\Carlos2013-14\CarlosAR_VW\com.carlos.kinect\Release\link-cvtres.read.1.tlog
D:\Timaky\Carlos2013-14\CarlosAR_VW\com.carlos.kinect\Release\link-cvtres.write.1.tlog
D:\Timaky\Carlos2013-14\CarlosAR_VW\com.carlos.kinect\Release\link-rc.read.1.tlog
D:\Timaky\Carlos2013-14\CarlosAR_VW\com.carlos.kinect\Release\link-rc.write.1.tlog
D:\Timaky\Carlos2013-14\CarlosAR_VW\com.carlos.kinect\Release\link.command.1.tlog
D:\Timaky\Carlos2013-14\CarlosAR_VW\com.carlos.kinect\Release\link.read.1.tlog
D:\Timaky\Carlos2013-14\CarlosAR_VW\com.carlos.kinect\Release\link.write.1.tlog
D:\Timaky\Carlos2013-14\CarlosAR_VW\com.carlos.kinect\Release\vc110.pdb
D:\Timaky\Carlos2013-14\CarlosAR_VW\Release\com.carlos.kinect.pdb
D:\Timaky\Carlos2013-14\CarlosAR_VW\Release\com.carlos.kinect.dll
