C:\Users\Patrik\Downloads\Carlos (1)\Carlos\com.carlos.dll\Debug\cl.command.1.tlog
C:\Users\Patrik\Downloads\Carlos (1)\Carlos\com.carlos.dll\Debug\CL.read.1.tlog
C:\Users\Patrik\Downloads\Carlos (1)\Carlos\com.carlos.dll\Debug\CL.write.1.tlog
C:\USERS\PATRIK\DOWNLOADS\CARLOS (1)\CARLOS\COM.CARLOS.DLL\DEBUG\CV.DLL.EMBED.MANIFEST
C:\USERS\PATRIK\DOWNLOADS\CARLOS (1)\CARLOS\COM.CARLOS.DLL\DEBUG\CV.DLL.EMBED.MANIFEST.RES
C:\USERS\PATRIK\DOWNLOADS\CARLOS (1)\CARLOS\COM.CARLOS.DLL\DEBUG\CV.DLL.INTERMEDIATE.MANIFEST
C:\USERS\PATRIK\DOWNLOADS\CARLOS (1)\CARLOS\COM.CARLOS.DLL\DEBUG\CV.OBJ
C:\Users\Patrik\Downloads\Carlos (1)\Carlos\com.carlos.dll\Debug\CV.write.1.tlog
C:\Users\Patrik\Downloads\Carlos (1)\Carlos\com.carlos.dll\Debug\CV_manifest.rc
C:\Users\Patrik\Downloads\Carlos (1)\Carlos\com.carlos.dll\Debug\link.13192.read.1.tlog
C:\Users\Patrik\Downloads\Carlos (1)\Carlos\com.carlos.dll\Debug\link.13192.write.1.tlog
C:\Users\Patrik\Downloads\Carlos (1)\Carlos\com.carlos.dll\Debug\link.13192-cvtres.read.1.tlog
C:\Users\Patrik\Downloads\Carlos (1)\Carlos\com.carlos.dll\Debug\link.13192-cvtres.write.1.tlog
C:\Users\Patrik\Downloads\Carlos (1)\Carlos\com.carlos.dll\Debug\link.command.1.tlog
C:\Users\Patrik\Downloads\Carlos (1)\Carlos\com.carlos.dll\Debug\link.read.1.tlog
C:\Users\Patrik\Downloads\Carlos (1)\Carlos\com.carlos.dll\Debug\link.write.1.tlog
C:\Users\Patrik\Downloads\Carlos (1)\Carlos\com.carlos.dll\Debug\link-cvtres.read.1.tlog
C:\Users\Patrik\Downloads\Carlos (1)\Carlos\com.carlos.dll\Debug\link-cvtres.write.1.tlog
C:\Users\Patrik\Downloads\Carlos (1)\Carlos\com.carlos.dll\Debug\mt.command.1.tlog
C:\Users\Patrik\Downloads\Carlos (1)\Carlos\com.carlos.dll\Debug\mt.read.1.tlog
C:\Users\Patrik\Downloads\Carlos (1)\Carlos\com.carlos.dll\Debug\mt.write.1.tlog
C:\Users\Patrik\Downloads\Carlos (1)\Carlos\com.carlos.dll\Debug\rc.command.1.tlog
C:\Users\Patrik\Downloads\Carlos (1)\Carlos\com.carlos.dll\Debug\rc.read.1.tlog
C:\Users\Patrik\Downloads\Carlos (1)\Carlos\com.carlos.dll\Debug\rc.write.1.tlog
C:\Users\Patrik\Downloads\Carlos (1)\Carlos\com.carlos.dll\Debug\vc100.idb
C:\USERS\PATRIK\DOWNLOADS\CARLOS (1)\CARLOS\COM.CARLOS.DLL\DEBUG\VC100.PDB
C:\USERS\PATRIK\DOWNLOADS\CARLOS (1)\CARLOS\DEBUG\CV.DLL
C:\Users\Patrik\Downloads\Carlos (1)\Carlos\Debug\CV.exp
C:\USERS\PATRIK\DOWNLOADS\CARLOS (1)\CARLOS\DEBUG\CV.ILK
C:\Users\Patrik\Downloads\Carlos (1)\Carlos\Debug\CV.lib
C:\USERS\PATRIK\DOWNLOADS\CARLOS (1)\CARLOS\DEBUG\CV.PDB
